[19-May-2017 02:39:21 UTC] PHP Warning:  require_once(php/admin.php): failed to open stream: No such file or directory in /home/ubuntu/workspace/INFS3202/php/controller/show_course.php on line 2
[19-May-2017 02:39:21 UTC] PHP Stack trace:
[19-May-2017 02:39:21 UTC] PHP   1. {main}() /home/ubuntu/workspace/INFS3202/php/controller/show_course.php:0
[19-May-2017 02:39:21 UTC] PHP Fatal error:  require_once(): Failed opening required 'php/admin.php' (include_path='.:/usr/share/php:/usr/share/pear') in /home/ubuntu/workspace/INFS3202/php/controller/show_course.php on line 2
[19-May-2017 02:39:21 UTC] PHP Stack trace:
[19-May-2017 02:39:21 UTC] PHP   1. {main}() /home/ubuntu/workspace/INFS3202/php/controller/show_course.php:0
[19-May-2017 02:51:43 UTC] PHP Warning:  require_once(php/admin.php): failed to open stream: No such file or directory in /home/ubuntu/workspace/INFS3202/php/controller/show_course.php on line 2
[19-May-2017 02:51:43 UTC] PHP Stack trace:
[19-May-2017 02:51:43 UTC] PHP   1. {main}() /home/ubuntu/workspace/INFS3202/php/controller/show_course.php:0
[19-May-2017 02:51:43 UTC] PHP Fatal error:  require_once(): Failed opening required 'php/admin.php' (include_path='.:/usr/share/php:/usr/share/pear') in /home/ubuntu/workspace/INFS3202/php/controller/show_course.php on line 2
[19-May-2017 02:51:43 UTC] PHP Stack trace:
[19-May-2017 02:51:43 UTC] PHP   1. {main}() /home/ubuntu/workspace/INFS3202/php/controller/show_course.php:0
[19-May-2017 02:52:29 UTC] PHP Warning:  require_once(php/admin.php): failed to open stream: No such file or directory in /home/ubuntu/workspace/INFS3202/php/controller/show_course.php on line 2
[19-May-2017 02:52:29 UTC] PHP Stack trace:
[19-May-2017 02:52:29 UTC] PHP   1. {main}() /home/ubuntu/workspace/INFS3202/php/controller/show_course.php:0
[19-May-2017 02:52:29 UTC] PHP Fatal error:  require_once(): Failed opening required 'php/admin.php' (include_path='.:/usr/share/php:/usr/share/pear') in /home/ubuntu/workspace/INFS3202/php/controller/show_course.php on line 2
[19-May-2017 02:52:29 UTC] PHP Stack trace:
[19-May-2017 02:52:29 UTC] PHP   1. {main}() /home/ubuntu/workspace/INFS3202/php/controller/show_course.php:0
[19-May-2017 02:52:58 UTC] PHP Warning:  require_once(php/admin.php): failed to open stream: No such file or directory in /home/ubuntu/workspace/INFS3202/php/controller/show_course.php on line 2
[19-May-2017 02:52:58 UTC] PHP Stack trace:
[19-May-2017 02:52:58 UTC] PHP   1. {main}() /home/ubuntu/workspace/INFS3202/php/controller/show_course.php:0
[19-May-2017 02:52:58 UTC] PHP Fatal error:  require_once(): Failed opening required 'php/admin.php' (include_path='.:/usr/share/php:/usr/share/pear') in /home/ubuntu/workspace/INFS3202/php/controller/show_course.php on line 2
[19-May-2017 02:52:58 UTC] PHP Stack trace:
[19-May-2017 02:52:58 UTC] PHP   1. {main}() /home/ubuntu/workspace/INFS3202/php/controller/show_course.php:0
[19-May-2017 02:53:09 UTC] PHP Warning:  require_once(php/admin.php): failed to open stream: No such file or directory in /home/ubuntu/workspace/INFS3202/php/controller/show_course.php on line 2
[19-May-2017 02:53:09 UTC] PHP Stack trace:
[19-May-2017 02:53:09 UTC] PHP   1. {main}() /home/ubuntu/workspace/INFS3202/php/controller/show_course.php:0
[19-May-2017 02:53:09 UTC] PHP Fatal error:  require_once(): Failed opening required 'php/admin.php' (include_path='.:/usr/share/php:/usr/share/pear') in /home/ubuntu/workspace/INFS3202/php/controller/show_course.php on line 2
[19-May-2017 02:53:09 UTC] PHP Stack trace:
[19-May-2017 02:53:09 UTC] PHP   1. {main}() /home/ubuntu/workspace/INFS3202/php/controller/show_course.php:0
[19-May-2017 03:30:12 UTC] PHP Warning:  require_once(php/admin.php): failed to open stream: No such file or directory in /home/ubuntu/workspace/INFS3202/php/controller/create_user.php on line 2
[19-May-2017 03:30:12 UTC] PHP Stack trace:
[19-May-2017 03:30:12 UTC] PHP   1. {main}() /home/ubuntu/workspace/INFS3202/php/controller/create_user.php:0
[19-May-2017 03:30:12 UTC] PHP Fatal error:  require_once(): Failed opening required 'php/admin.php' (include_path='.:/usr/share/php:/usr/share/pear') in /home/ubuntu/workspace/INFS3202/php/controller/create_user.php on line 2
[19-May-2017 03:30:12 UTC] PHP Stack trace:
[19-May-2017 03:30:12 UTC] PHP   1. {main}() /home/ubuntu/workspace/INFS3202/php/controller/create_user.php:0
[19-May-2017 03:31:02 UTC] PHP Warning:  require_once(INFS3202/php/admin.php): failed to open stream: No such file or directory in /home/ubuntu/workspace/INFS3202/php/controller/create_user.php on line 2
[19-May-2017 03:31:02 UTC] PHP Stack trace:
[19-May-2017 03:31:02 UTC] PHP   1. {main}() /home/ubuntu/workspace/INFS3202/php/controller/create_user.php:0
[19-May-2017 03:31:02 UTC] PHP Fatal error:  require_once(): Failed opening required 'INFS3202/php/admin.php' (include_path='.:/usr/share/php:/usr/share/pear') in /home/ubuntu/workspace/INFS3202/php/controller/create_user.php on line 2
[19-May-2017 03:31:02 UTC] PHP Stack trace:
[19-May-2017 03:31:02 UTC] PHP   1. {main}() /home/ubuntu/workspace/INFS3202/php/controller/create_user.php:0
[19-May-2017 03:31:21 UTC] PHP Warning:  require_once(INFS3202/php/admin.php): failed to open stream: No such file or directory in /home/ubuntu/workspace/INFS3202/php/controller/create_user.php on line 2
[19-May-2017 03:31:21 UTC] PHP Stack trace:
[19-May-2017 03:31:21 UTC] PHP   1. {main}() /home/ubuntu/workspace/INFS3202/php/controller/create_user.php:0
[19-May-2017 03:31:21 UTC] PHP Fatal error:  require_once(): Failed opening required 'INFS3202/php/admin.php' (include_path='.:/usr/share/php:/usr/share/pear') in /home/ubuntu/workspace/INFS3202/php/controller/create_user.php on line 2
[19-May-2017 03:31:21 UTC] PHP Stack trace:
[19-May-2017 03:31:21 UTC] PHP   1. {main}() /home/ubuntu/workspace/INFS3202/php/controller/create_user.php:0
[19-May-2017 03:31:39 UTC] PHP Warning:  require_once(../php/admin.php): failed to open stream: No such file or directory in /home/ubuntu/workspace/INFS3202/php/controller/create_user.php on line 2
[19-May-2017 03:31:39 UTC] PHP Stack trace:
[19-May-2017 03:31:39 UTC] PHP   1. {main}() /home/ubuntu/workspace/INFS3202/php/controller/create_user.php:0
[19-May-2017 03:31:39 UTC] PHP Fatal error:  require_once(): Failed opening required '../php/admin.php' (include_path='.:/usr/share/php:/usr/share/pear') in /home/ubuntu/workspace/INFS3202/php/controller/create_user.php on line 2
[19-May-2017 03:31:39 UTC] PHP Stack trace:
[19-May-2017 03:31:39 UTC] PHP   1. {main}() /home/ubuntu/workspace/INFS3202/php/controller/create_user.php:0
[19-May-2017 03:32:38 UTC] PHP Warning:  require_once(admin.php): failed to open stream: No such file or directory in /home/ubuntu/workspace/INFS3202/php/controller/create_user.php on line 2
[19-May-2017 03:32:38 UTC] PHP Stack trace:
[19-May-2017 03:32:38 UTC] PHP   1. {main}() /home/ubuntu/workspace/INFS3202/php/controller/create_user.php:0
[19-May-2017 03:32:38 UTC] PHP Fatal error:  require_once(): Failed opening required 'admin.php' (include_path='.:/usr/share/php:/usr/share/pear') in /home/ubuntu/workspace/INFS3202/php/controller/create_user.php on line 2
[19-May-2017 03:32:38 UTC] PHP Stack trace:
[19-May-2017 03:32:38 UTC] PHP   1. {main}() /home/ubuntu/workspace/INFS3202/php/controller/create_user.php:0
[19-May-2017 06:39:15 UTC] PHP Fatal error:  Cannot redeclare check_password() (previously declared in /home/ubuntu/workspace/INFS3202/php/admin.php:87) in /home/ubuntu/workspace/INFS3202/php/admin.php on line 299
[19-May-2017 06:39:15 UTC] PHP Stack trace:
[19-May-2017 06:39:15 UTC] PHP   1. {main}() /home/ubuntu/workspace/INFS3202/php/controller/show_course.php:0
[19-May-2017 06:39:15 UTC] PHP Fatal error:  Cannot redeclare check_password() (previously declared in /home/ubuntu/workspace/INFS3202/php/admin.php:87) in /home/ubuntu/workspace/INFS3202/php/admin.php on line 299
[19-May-2017 06:39:15 UTC] PHP Stack trace:
[19-May-2017 06:39:15 UTC] PHP   1. {main}() /home/ubuntu/workspace/INFS3202/php/controller/show_reminder_course.php:0
[19-May-2017 06:55:44 UTC] PHP Parse error:  syntax error, unexpected '$_POST' (T_VARIABLE) in /home/ubuntu/workspace/INFS3202/php/controller/create_reminderlist.php on line 7
[19-May-2017 06:55:46 UTC] PHP Parse error:  syntax error, unexpected '$_POST' (T_VARIABLE) in /home/ubuntu/workspace/INFS3202/php/controller/create_reminderlist.php on line 7
[19-May-2017 06:55:59 UTC] PHP Parse error:  syntax error, unexpected '$title' (T_VARIABLE) in /home/ubuntu/workspace/INFS3202/php/controller/create_reminderlist.php on line 8
[19-May-2017 06:56:14 UTC] PHP Parse error:  syntax error, unexpected '$title' (T_VARIABLE) in /home/ubuntu/workspace/INFS3202/php/controller/create_reminderlist.php on line 8
[19-May-2017 07:27:21 UTC] PHP Catchable fatal error:  Object of class task could not be converted to string in /home/ubuntu/workspace/INFS3202/php/admin.php on line 721
[19-May-2017 07:27:21 UTC] PHP Stack trace:
[19-May-2017 07:27:21 UTC] PHP   1. {main}() /home/ubuntu/workspace/INFS3202/php/controller/create_task.php:0
[19-May-2017 07:27:21 UTC] PHP   2. task->create_task() /home/ubuntu/workspace/INFS3202/php/controller/create_task.php:17
[19-May-2017 07:27:21 UTC] PHP   3. mysqli_stmt_execute() /home/ubuntu/workspace/INFS3202/php/admin.php:721
[19-May-2017 07:27:58 UTC] PHP Catchable fatal error:  Object of class task could not be converted to string in /home/ubuntu/workspace/INFS3202/php/admin.php on line 721
[19-May-2017 07:27:58 UTC] PHP Stack trace:
[19-May-2017 07:27:58 UTC] PHP   1. {main}() /home/ubuntu/workspace/INFS3202/php/controller/create_task.php:0
[19-May-2017 07:27:58 UTC] PHP   2. task->create_task() /home/ubuntu/workspace/INFS3202/php/controller/create_task.php:17
[19-May-2017 07:27:58 UTC] PHP   3. mysqli_stmt_execute() /home/ubuntu/workspace/INFS3202/php/admin.php:721
[19-May-2017 07:31:52 UTC] PHP Catchable fatal error:  Object of class task could not be converted to string in /home/ubuntu/workspace/INFS3202/php/admin.php on line 721
[19-May-2017 07:31:52 UTC] PHP Stack trace:
[19-May-2017 07:31:52 UTC] PHP   1. {main}() /home/ubuntu/workspace/INFS3202/php/controller/create_task.php:0
[19-May-2017 07:31:52 UTC] PHP   2. task->create_task() /home/ubuntu/workspace/INFS3202/php/controller/create_task.php:17
[19-May-2017 07:31:52 UTC] PHP   3. mysqli_stmt_execute() /home/ubuntu/workspace/INFS3202/php/admin.php:721
[19-May-2017 07:36:06 UTC] PHP Warning:  mysqli_stmt_bind_param(): Number of elements in type definition string doesn't match number of bind variables in /home/ubuntu/workspace/INFS3202/php/admin.php on line 721
[19-May-2017 07:36:06 UTC] PHP Stack trace:
[19-May-2017 07:36:06 UTC] PHP   1. {main}() /home/ubuntu/workspace/INFS3202/php/controller/create_task.php:0
[19-May-2017 07:36:06 UTC] PHP   2. task->create_task() /home/ubuntu/workspace/INFS3202/php/controller/create_task.php:17
[19-May-2017 07:36:06 UTC] PHP   3. mysqli_stmt_bind_param() /home/ubuntu/workspace/INFS3202/php/admin.php:721
[19-May-2017 07:37:58 UTC] PHP Catchable fatal error:  Object of class task could not be converted to string in /home/ubuntu/workspace/INFS3202/php/admin.php on line 721
[19-May-2017 07:37:58 UTC] PHP Stack trace:
[19-May-2017 07:37:58 UTC] PHP   1. {main}() /home/ubuntu/workspace/INFS3202/php/controller/create_task.php:0
[19-May-2017 07:37:58 UTC] PHP   2. task->create_task() /home/ubuntu/workspace/INFS3202/php/controller/create_task.php:17
[19-May-2017 07:37:58 UTC] PHP   3. mysqli_stmt_execute() /home/ubuntu/workspace/INFS3202/php/admin.php:721
[19-May-2017 07:38:17 UTC] PHP Catchable fatal error:  Object of class task could not be converted to string in /home/ubuntu/workspace/INFS3202/php/admin.php on line 721
[19-May-2017 07:38:17 UTC] PHP Stack trace:
[19-May-2017 07:38:17 UTC] PHP   1. {main}() /home/ubuntu/workspace/INFS3202/php/controller/create_task.php:0
[19-May-2017 07:38:17 UTC] PHP   2. task->create_task() /home/ubuntu/workspace/INFS3202/php/controller/create_task.php:17
[19-May-2017 07:38:17 UTC] PHP   3. mysqli_stmt_execute() /home/ubuntu/workspace/INFS3202/php/admin.php:721
[19-May-2017 07:46:06 UTC] PHP Warning:  Invalid argument supplied for foreach() in /home/ubuntu/workspace/INFS3202/php/controller/show_reminder_course.php on line 22
[19-May-2017 07:46:06 UTC] PHP Stack trace:
[19-May-2017 07:46:06 UTC] PHP   1. {main}() /home/ubuntu/workspace/INFS3202/php/controller/show_reminder_course.php:0
[19-May-2017 07:46:18 UTC] PHP Warning:  Invalid argument supplied for foreach() in /home/ubuntu/workspace/INFS3202/php/controller/show_reminder_course.php on line 22
[19-May-2017 07:46:18 UTC] PHP Stack trace:
[19-May-2017 07:46:18 UTC] PHP   1. {main}() /home/ubuntu/workspace/INFS3202/php/controller/show_reminder_course.php:0
[19-May-2017 09:02:48 UTC] PHP Parse error:  syntax error, unexpected '}' in /home/ubuntu/workspace/INFS3202/php/admin.php on line 846
[19-May-2017 09:02:48 UTC] PHP Stack trace:
[19-May-2017 09:02:48 UTC] PHP   1. {main}() /home/ubuntu/workspace/INFS3202/php/controller/show_course.php:0
[19-May-2017 09:02:48 UTC] PHP Parse error:  syntax error, unexpected '}' in /home/ubuntu/workspace/INFS3202/php/admin.php on line 846
[19-May-2017 09:02:48 UTC] PHP Stack trace:
[19-May-2017 09:02:48 UTC] PHP   1. {main}() /home/ubuntu/workspace/INFS3202/php/controller/show_reminder_course.php:0
[19-May-2017 09:03:08 UTC] PHP Parse error:  syntax error, unexpected '}' in /home/ubuntu/workspace/INFS3202/php/admin.php on line 846
[19-May-2017 09:03:08 UTC] PHP Stack trace:
[19-May-2017 09:03:08 UTC] PHP   1. {main}() /home/ubuntu/workspace/INFS3202/php/controller/show_course.php:0
[19-May-2017 09:03:08 UTC] PHP Parse error:  syntax error, unexpected '}' in /home/ubuntu/workspace/INFS3202/php/admin.php on line 846
[19-May-2017 09:03:08 UTC] PHP Stack trace:
[19-May-2017 09:03:08 UTC] PHP   1. {main}() /home/ubuntu/workspace/INFS3202/php/controller/show_reminder_course.php:0
[19-May-2017 09:03:19 UTC] PHP Parse error:  syntax error, unexpected '}' in /home/ubuntu/workspace/INFS3202/php/admin.php on line 846
[19-May-2017 09:03:19 UTC] PHP Stack trace:
[19-May-2017 09:03:19 UTC] PHP   1. {main}() /home/ubuntu/workspace/INFS3202/php/controller/show_course.php:0
[19-May-2017 09:03:19 UTC] PHP Parse error:  syntax error, unexpected '}' in /home/ubuntu/workspace/INFS3202/php/admin.php on line 846
[19-May-2017 09:03:19 UTC] PHP Stack trace:
[19-May-2017 09:03:19 UTC] PHP   1. {main}() /home/ubuntu/workspace/INFS3202/php/controller/show_reminder_course.php:0
[19-May-2017 09:04:02 UTC] PHP Parse error:  syntax error, unexpected '}' in /home/ubuntu/workspace/INFS3202/php/admin.php on line 846
[19-May-2017 09:04:02 UTC] PHP Stack trace:
[19-May-2017 09:04:02 UTC] PHP   1. {main}() /home/ubuntu/workspace/INFS3202/php/controller/show_course.php:0
[19-May-2017 09:04:02 UTC] PHP Parse error:  syntax error, unexpected '}' in /home/ubuntu/workspace/INFS3202/php/admin.php on line 846
[19-May-2017 09:04:02 UTC] PHP Stack trace:
[19-May-2017 09:04:02 UTC] PHP   1. {main}() /home/ubuntu/workspace/INFS3202/php/controller/show_reminder_course.php:0
[19-May-2017 09:04:34 UTC] PHP Parse error:  syntax error, unexpected '}' in /home/ubuntu/workspace/INFS3202/php/admin.php on line 846
[19-May-2017 09:04:34 UTC] PHP Stack trace:
[19-May-2017 09:04:34 UTC] PHP   1. {main}() /home/ubuntu/workspace/INFS3202/php/controller/show_course.php:0
[19-May-2017 09:04:34 UTC] PHP Parse error:  syntax error, unexpected '}' in /home/ubuntu/workspace/INFS3202/php/admin.php on line 846
[19-May-2017 09:04:34 UTC] PHP Stack trace:
[19-May-2017 09:04:34 UTC] PHP   1. {main}() /home/ubuntu/workspace/INFS3202/php/controller/show_reminder_course.php:0
[19-May-2017 23:37:59 UTC] PHP Warning:  Invalid argument supplied for foreach() in /home/ubuntu/workspace/INFS3202/php/controller/show_reminderlist.php on line 17
[19-May-2017 23:37:59 UTC] PHP Stack trace:
[19-May-2017 23:37:59 UTC] PHP   1. {main}() /home/ubuntu/workspace/INFS3202/php/controller/show_reminderlist.php:0
[19-May-2017 23:57:16 UTC] PHP Warning:  Invalid argument supplied for foreach() in /home/ubuntu/workspace/INFS3202/php/controller/show_reminderlist.php on line 17
[19-May-2017 23:57:16 UTC] PHP Stack trace:
[19-May-2017 23:57:16 UTC] PHP   1. {main}() /home/ubuntu/workspace/INFS3202/php/controller/show_reminderlist.php:0
[20-May-2017 00:05:19 UTC] PHP Warning:  Invalid argument supplied for foreach() in /home/ubuntu/workspace/INFS3202/php/controller/show_reminderlist.php on line 23
[20-May-2017 00:05:19 UTC] PHP Stack trace:
[20-May-2017 00:05:19 UTC] PHP   1. {main}() /home/ubuntu/workspace/INFS3202/php/controller/show_reminderlist.php:0
[20-May-2017 00:05:41 UTC] PHP Warning:  Invalid argument supplied for foreach() in /home/ubuntu/workspace/INFS3202/php/controller/show_reminderlist.php on line 25
[20-May-2017 00:05:41 UTC] PHP Stack trace:
[20-May-2017 00:05:41 UTC] PHP   1. {main}() /home/ubuntu/workspace/INFS3202/php/controller/show_reminderlist.php:0
[20-May-2017 00:08:34 UTC] PHP Warning:  json_decode() expects parameter 1 to be string, array given in /home/ubuntu/workspace/INFS3202/php/controller/show_reminderlist.php on line 34
[20-May-2017 00:08:34 UTC] PHP Stack trace:
[20-May-2017 00:08:34 UTC] PHP   1. {main}() /home/ubuntu/workspace/INFS3202/php/controller/show_reminderlist.php:0
[20-May-2017 00:08:34 UTC] PHP   2. json_decode() /home/ubuntu/workspace/INFS3202/php/controller/show_reminderlist.php:34
[20-May-2017 07:52:31 UTC] PHP Warning:  Invalid argument supplied for foreach() in /home/ubuntu/workspace/INFS3202/php/controller/show_reminderlist.php on line 23
[20-May-2017 07:52:31 UTC] PHP Stack trace:
[20-May-2017 07:52:31 UTC] PHP   1. {main}() /home/ubuntu/workspace/INFS3202/php/controller/show_reminderlist.php:0
[20-May-2017 07:54:23 UTC] PHP Warning:  Invalid argument supplied for foreach() in /home/ubuntu/workspace/INFS3202/php/controller/show_reminderlist.php on line 23
[20-May-2017 07:54:23 UTC] PHP Stack trace:
[20-May-2017 07:54:23 UTC] PHP   1. {main}() /home/ubuntu/workspace/INFS3202/php/controller/show_reminderlist.php:0
[20-May-2017 08:11:23 UTC] PHP Warning:  Invalid argument supplied for foreach() in /home/ubuntu/workspace/INFS3202/php/controller/show_reminderlist.php on line 41
[20-May-2017 08:11:23 UTC] PHP Stack trace:
[20-May-2017 08:11:23 UTC] PHP   1. {main}() /home/ubuntu/workspace/INFS3202/php/controller/show_reminderlist.php:0
[20-May-2017 08:13:05 UTC] PHP Warning:  Invalid argument supplied for foreach() in /home/ubuntu/workspace/INFS3202/php/controller/show_reminderlist.php on line 19
[20-May-2017 08:13:05 UTC] PHP Stack trace:
[20-May-2017 08:13:05 UTC] PHP   1. {main}() /home/ubuntu/workspace/INFS3202/php/controller/show_reminderlist.php:0
[20-May-2017 08:13:48 UTC] PHP Warning:  Invalid argument supplied for foreach() in /home/ubuntu/workspace/INFS3202/php/controller/show_reminderlist.php on line 19
[20-May-2017 08:13:48 UTC] PHP Stack trace:
[20-May-2017 08:13:48 UTC] PHP   1. {main}() /home/ubuntu/workspace/INFS3202/php/controller/show_reminderlist.php:0
[20-May-2017 08:14:11 UTC] PHP Parse error:  syntax error, unexpected '}' in /home/ubuntu/workspace/INFS3202/php/controller/show_reminderlist.php on line 23
[20-May-2017 08:17:25 UTC] PHP Catchable fatal error:  Object of class stdClass could not be converted to string in /home/ubuntu/workspace/INFS3202/php/controller/show_reminderlist.php on line 20
[20-May-2017 08:17:25 UTC] PHP Stack trace:
[20-May-2017 08:17:25 UTC] PHP   1. {main}() /home/ubuntu/workspace/INFS3202/php/controller/show_reminderlist.php:0
[20-May-2017 08:17:36 UTC] PHP Catchable fatal error:  Object of class stdClass could not be converted to string in /home/ubuntu/workspace/INFS3202/php/controller/show_reminderlist.php on line 20
[20-May-2017 08:17:36 UTC] PHP Stack trace:
[20-May-2017 08:17:36 UTC] PHP   1. {main}() /home/ubuntu/workspace/INFS3202/php/controller/show_reminderlist.php:0
[20-May-2017 08:19:25 UTC] PHP Catchable fatal error:  Object of class stdClass could not be converted to string in /home/ubuntu/workspace/INFS3202/php/controller/show_reminderlist.php on line 20
[20-May-2017 08:19:25 UTC] PHP Stack trace:
[20-May-2017 08:19:25 UTC] PHP   1. {main}() /home/ubuntu/workspace/INFS3202/php/controller/show_reminderlist.php:0
[20-May-2017 11:11:32 UTC] PHP Warning:  Creating default object from empty value in /home/ubuntu/workspace/INFS3202/php/controller/show_reminder_course.php on line 38
[20-May-2017 11:11:32 UTC] PHP Stack trace:
[20-May-2017 11:11:32 UTC] PHP   1. {main}() /home/ubuntu/workspace/INFS3202/php/controller/show_reminder_course.php:0
[20-May-2017 11:11:43 UTC] PHP Warning:  Creating default object from empty value in /home/ubuntu/workspace/INFS3202/php/controller/show_reminder_course.php on line 38
[20-May-2017 11:11:43 UTC] PHP Stack trace:
[20-May-2017 11:11:43 UTC] PHP   1. {main}() /home/ubuntu/workspace/INFS3202/php/controller/show_reminder_course.php:0
[20-May-2017 11:13:44 UTC] PHP Warning:  Creating default object from empty value in /home/ubuntu/workspace/INFS3202/php/controller/show_reminder_course.php on line 38
[20-May-2017 11:13:44 UTC] PHP Stack trace:
[20-May-2017 11:13:44 UTC] PHP   1. {main}() /home/ubuntu/workspace/INFS3202/php/controller/show_reminder_course.php:0
[20-May-2017 11:23:49 UTC] PHP Warning:  array_push() expects parameter 1 to be array, integer given in /home/ubuntu/workspace/INFS3202/php/controller/show_reminder_course.php on line 41
[20-May-2017 11:23:49 UTC] PHP Stack trace:
[20-May-2017 11:23:49 UTC] PHP   1. {main}() /home/ubuntu/workspace/INFS3202/php/controller/show_reminder_course.php:0
[20-May-2017 11:23:49 UTC] PHP   2. array_push() /home/ubuntu/workspace/INFS3202/php/controller/show_reminder_course.php:41
[20-May-2017 11:23:49 UTC] PHP Warning:  array_push() expects parameter 1 to be array, integer given in /home/ubuntu/workspace/INFS3202/php/controller/show_reminder_course.php on line 41
[20-May-2017 11:23:49 UTC] PHP Stack trace:
[20-May-2017 11:23:49 UTC] PHP   1. {main}() /home/ubuntu/workspace/INFS3202/php/controller/show_reminder_course.php:0
[20-May-2017 11:23:49 UTC] PHP   2. array_push() /home/ubuntu/workspace/INFS3202/php/controller/show_reminder_course.php:41
[20-May-2017 11:23:49 UTC] PHP Warning:  array_push() expects parameter 1 to be array, integer given in /home/ubuntu/workspace/INFS3202/php/controller/show_reminder_course.php on line 41
[20-May-2017 11:23:49 UTC] PHP Stack trace:
[20-May-2017 11:23:49 UTC] PHP   1. {main}() /home/ubuntu/workspace/INFS3202/php/controller/show_reminder_course.php:0
[20-May-2017 11:23:49 UTC] PHP   2. array_push() /home/ubuntu/workspace/INFS3202/php/controller/show_reminder_course.php:41
[20-May-2017 11:23:49 UTC] PHP Warning:  array_push() expects parameter 1 to be array, integer given in /home/ubuntu/workspace/INFS3202/php/controller/show_reminder_course.php on line 41
[20-May-2017 11:23:49 UTC] PHP Stack trace:
[20-May-2017 11:23:49 UTC] PHP   1. {main}() /home/ubuntu/workspace/INFS3202/php/controller/show_reminder_course.php:0
[20-May-2017 11:23:49 UTC] PHP   2. array_push() /home/ubuntu/workspace/INFS3202/php/controller/show_reminder_course.php:41
[20-May-2017 11:23:49 UTC] PHP Warning:  array_push() expects parameter 1 to be array, integer given in /home/ubuntu/workspace/INFS3202/php/controller/show_reminder_course.php on line 41
[20-May-2017 11:23:49 UTC] PHP Stack trace:
[20-May-2017 11:23:49 UTC] PHP   1. {main}() /home/ubuntu/workspace/INFS3202/php/controller/show_reminder_course.php:0
[20-May-2017 11:23:49 UTC] PHP   2. array_push() /home/ubuntu/workspace/INFS3202/php/controller/show_reminder_course.php:41
[20-May-2017 11:23:52 UTC] PHP Warning:  array_push() expects parameter 1 to be array, integer given in /home/ubuntu/workspace/INFS3202/php/controller/show_reminder_course.php on line 41
[20-May-2017 11:23:52 UTC] PHP Stack trace:
[20-May-2017 11:23:52 UTC] PHP   1. {main}() /home/ubuntu/workspace/INFS3202/php/controller/show_reminder_course.php:0
[20-May-2017 11:23:52 UTC] PHP   2. array_push() /home/ubuntu/workspace/INFS3202/php/controller/show_reminder_course.php:41
[20-May-2017 11:23:52 UTC] PHP Warning:  array_push() expects parameter 1 to be array, integer given in /home/ubuntu/workspace/INFS3202/php/controller/show_reminder_course.php on line 41
[20-May-2017 11:23:52 UTC] PHP Stack trace:
[20-May-2017 11:23:52 UTC] PHP   1. {main}() /home/ubuntu/workspace/INFS3202/php/controller/show_reminder_course.php:0
[20-May-2017 11:23:52 UTC] PHP   2. array_push() /home/ubuntu/workspace/INFS3202/php/controller/show_reminder_course.php:41
[20-May-2017 11:23:52 UTC] PHP Warning:  array_push() expects parameter 1 to be array, integer given in /home/ubuntu/workspace/INFS3202/php/controller/show_reminder_course.php on line 41
[20-May-2017 11:23:52 UTC] PHP Stack trace:
[20-May-2017 11:23:52 UTC] PHP   1. {main}() /home/ubuntu/workspace/INFS3202/php/controller/show_reminder_course.php:0
[20-May-2017 11:23:52 UTC] PHP   2. array_push() /home/ubuntu/workspace/INFS3202/php/controller/show_reminder_course.php:41
[20-May-2017 11:23:52 UTC] PHP Warning:  array_push() expects parameter 1 to be array, integer given in /home/ubuntu/workspace/INFS3202/php/controller/show_reminder_course.php on line 41
[20-May-2017 11:23:52 UTC] PHP Stack trace:
[20-May-2017 11:23:52 UTC] PHP   1. {main}() /home/ubuntu/workspace/INFS3202/php/controller/show_reminder_course.php:0
[20-May-2017 11:23:52 UTC] PHP   2. array_push() /home/ubuntu/workspace/INFS3202/php/controller/show_reminder_course.php:41
[20-May-2017 11:23:52 UTC] PHP Warning:  array_push() expects parameter 1 to be array, integer given in /home/ubuntu/workspace/INFS3202/php/controller/show_reminder_course.php on line 41
[20-May-2017 11:23:52 UTC] PHP Stack trace:
[20-May-2017 11:23:52 UTC] PHP   1. {main}() /home/ubuntu/workspace/INFS3202/php/controller/show_reminder_course.php:0
[20-May-2017 11:23:52 UTC] PHP   2. array_push() /home/ubuntu/workspace/INFS3202/php/controller/show_reminder_course.php:41
[20-May-2017 14:15:58 UTC] PHP Warning:  Invalid argument supplied for foreach() in /home/ubuntu/workspace/INFS3202/php/controller/show_reminderlist.php on line 22
[20-May-2017 14:15:58 UTC] PHP Stack trace:
[20-May-2017 14:15:58 UTC] PHP   1. {main}() /home/ubuntu/workspace/INFS3202/php/controller/show_reminderlist.php:0
[27-May-2017 03:49:44 UTC] PHP Parse error:  syntax error, unexpected ':' in /home/ubuntu/workspace/INFS3202/php/admin.php on line 706
[27-May-2017 03:49:44 UTC] PHP Stack trace:
[27-May-2017 03:49:44 UTC] PHP   1. {main}() /home/ubuntu/workspace/INFS3202/php/controller/show_course.php:0
[27-May-2017 03:49:45 UTC] PHP Parse error:  syntax error, unexpected ':' in /home/ubuntu/workspace/INFS3202/php/admin.php on line 706
[27-May-2017 03:49:45 UTC] PHP Stack trace:
[27-May-2017 03:49:45 UTC] PHP   1. {main}() /home/ubuntu/workspace/INFS3202/php/controller/show_reminder_course.php:0
[27-May-2017 03:50:11 UTC] PHP Parse error:  syntax error, unexpected ':' in /home/ubuntu/workspace/INFS3202/php/admin.php on line 706
[27-May-2017 03:50:11 UTC] PHP Stack trace:
[27-May-2017 03:50:11 UTC] PHP   1. {main}() /home/ubuntu/workspace/INFS3202/php/controller/show_course.php:0
[27-May-2017 03:50:11 UTC] PHP Parse error:  syntax error, unexpected ':' in /home/ubuntu/workspace/INFS3202/php/admin.php on line 706
[27-May-2017 03:50:11 UTC] PHP Stack trace:
[27-May-2017 03:50:11 UTC] PHP   1. {main}() /home/ubuntu/workspace/INFS3202/php/controller/show_reminder_course.php:0
[27-May-2017 03:50:12 UTC] PHP Parse error:  syntax error, unexpected ':' in /home/ubuntu/workspace/INFS3202/php/admin.php on line 706
[27-May-2017 03:50:12 UTC] PHP Stack trace:
[27-May-2017 03:50:12 UTC] PHP   1. {main}() /home/ubuntu/workspace/INFS3202/php/controller/show_course.php:0
[27-May-2017 03:50:12 UTC] PHP Parse error:  syntax error, unexpected ':' in /home/ubuntu/workspace/INFS3202/php/admin.php on line 706
[27-May-2017 03:50:12 UTC] PHP Stack trace:
[27-May-2017 03:50:12 UTC] PHP   1. {main}() /home/ubuntu/workspace/INFS3202/php/controller/show_reminder_course.php:0
[27-May-2017 03:51:14 UTC] PHP Parse error:  syntax error, unexpected ':' in /home/ubuntu/workspace/INFS3202/php/admin.php on line 706
[27-May-2017 03:51:14 UTC] PHP Stack trace:
[27-May-2017 03:51:14 UTC] PHP   1. {main}() /home/ubuntu/workspace/INFS3202/php/controller/show_course.php:0
[27-May-2017 03:51:15 UTC] PHP Parse error:  syntax error, unexpected ':' in /home/ubuntu/workspace/INFS3202/php/admin.php on line 706
[27-May-2017 03:51:15 UTC] PHP Stack trace:
[27-May-2017 03:51:15 UTC] PHP   1. {main}() /home/ubuntu/workspace/INFS3202/php/controller/show_reminder_course.php:0
[27-May-2017 03:51:23 UTC] PHP Parse error:  syntax error, unexpected ':' in /home/ubuntu/workspace/INFS3202/php/admin.php on line 706
[27-May-2017 03:51:23 UTC] PHP Stack trace:
[27-May-2017 03:51:23 UTC] PHP   1. {main}() /home/ubuntu/workspace/INFS3202/php/controller/show_course.php:0
[27-May-2017 03:51:23 UTC] PHP Parse error:  syntax error, unexpected ':' in /home/ubuntu/workspace/INFS3202/php/admin.php on line 706
[27-May-2017 03:51:23 UTC] PHP Stack trace:
[27-May-2017 03:51:23 UTC] PHP   1. {main}() /home/ubuntu/workspace/INFS3202/php/controller/show_reminder_course.php:0
[27-May-2017 03:51:24 UTC] PHP Parse error:  syntax error, unexpected ':' in /home/ubuntu/workspace/INFS3202/php/admin.php on line 706
[27-May-2017 03:51:24 UTC] PHP Stack trace:
[27-May-2017 03:51:24 UTC] PHP   1. {main}() /home/ubuntu/workspace/INFS3202/php/controller/show_reminderlist.php:0
[27-May-2017 03:52:48 UTC] PHP Parse error:  syntax error, unexpected ':' in /home/ubuntu/workspace/INFS3202/php/admin.php on line 706
[27-May-2017 03:52:48 UTC] PHP Stack trace:
[27-May-2017 03:52:48 UTC] PHP   1. {main}() /home/ubuntu/workspace/INFS3202/php/controller/show_course.php:0
[27-May-2017 03:52:49 UTC] PHP Parse error:  syntax error, unexpected ':' in /home/ubuntu/workspace/INFS3202/php/admin.php on line 706
[27-May-2017 03:52:49 UTC] PHP Stack trace:
[27-May-2017 03:52:49 UTC] PHP   1. {main}() /home/ubuntu/workspace/INFS3202/php/controller/show_reminder_course.php:0
[27-May-2017 03:52:49 UTC] PHP Parse error:  syntax error, unexpected ':' in /home/ubuntu/workspace/INFS3202/php/admin.php on line 706
[27-May-2017 03:52:49 UTC] PHP Stack trace:
[27-May-2017 03:52:49 UTC] PHP   1. {main}() /home/ubuntu/workspace/INFS3202/php/controller/show_reminderlist.php:0
[27-May-2017 03:53:29 UTC] PHP Parse error:  syntax error, unexpected '%' in /home/ubuntu/workspace/INFS3202/php/admin.php on line 706
[27-May-2017 03:53:29 UTC] PHP Stack trace:
[27-May-2017 03:53:29 UTC] PHP   1. {main}() /home/ubuntu/workspace/INFS3202/php/controller/show_course.php:0
[27-May-2017 03:53:30 UTC] PHP Parse error:  syntax error, unexpected ':' in /home/ubuntu/workspace/INFS3202/php/admin.php on line 706
[27-May-2017 03:53:30 UTC] PHP Stack trace:
[27-May-2017 03:53:30 UTC] PHP   1. {main}() /home/ubuntu/workspace/INFS3202/php/controller/show_reminder_course.php:0
[27-May-2017 03:53:30 UTC] PHP Parse error:  syntax error, unexpected ':' in /home/ubuntu/workspace/INFS3202/php/admin.php on line 706
[27-May-2017 03:53:30 UTC] PHP Stack trace:
[27-May-2017 03:53:30 UTC] PHP   1. {main}() /home/ubuntu/workspace/INFS3202/php/controller/show_reminderlist.php:0
[27-May-2017 04:28:34 UTC] PHP Warning:  Invalid argument supplied for foreach() in /home/ubuntu/workspace/INFS3202/php/controller/show_reminder_course.php on line 24
[27-May-2017 04:28:34 UTC] PHP Stack trace:
[27-May-2017 04:28:34 UTC] PHP   1. {main}() /home/ubuntu/workspace/INFS3202/php/controller/show_reminder_course.php:0
[27-May-2017 04:28:52 UTC] PHP Warning:  Invalid argument supplied for foreach() in /home/ubuntu/workspace/INFS3202/php/controller/show_reminder_course.php on line 24
[27-May-2017 04:28:52 UTC] PHP Stack trace:
[27-May-2017 04:28:52 UTC] PHP   1. {main}() /home/ubuntu/workspace/INFS3202/php/controller/show_reminder_course.php:0
[27-May-2017 04:31:32 UTC] PHP Warning:  Invalid argument supplied for foreach() in /home/ubuntu/workspace/INFS3202/php/controller/show_reminder_course.php on line 24
[27-May-2017 04:31:32 UTC] PHP Stack trace:
[27-May-2017 04:31:32 UTC] PHP   1. {main}() /home/ubuntu/workspace/INFS3202/php/controller/show_reminder_course.php:0
[27-May-2017 04:31:51 UTC] PHP Warning:  Invalid argument supplied for foreach() in /home/ubuntu/workspace/INFS3202/php/controller/show_reminder_course.php on line 24
[27-May-2017 04:31:51 UTC] PHP Stack trace:
[27-May-2017 04:31:51 UTC] PHP   1. {main}() /home/ubuntu/workspace/INFS3202/php/controller/show_reminder_course.php:0
[27-May-2017 04:44:43 UTC] PHP Warning:  Invalid argument supplied for foreach() in /home/ubuntu/workspace/INFS3202/php/controller/show_reminder_course.php on line 24
[27-May-2017 04:44:43 UTC] PHP Stack trace:
[27-May-2017 04:44:43 UTC] PHP   1. {main}() /home/ubuntu/workspace/INFS3202/php/controller/show_reminder_course.php:0
[27-May-2017 05:52:07 UTC] PHP Fatal error:  Cannot use [] for reading in /home/ubuntu/workspace/INFS3202/php/controller/search.php on line 8
[27-May-2017 05:55:45 UTC] PHP Fatal error:  Cannot use [] for reading in /home/ubuntu/workspace/INFS3202/php/controller/search.php on line 32
[27-May-2017 05:55:47 UTC] PHP Fatal error:  Cannot use [] for reading in /home/ubuntu/workspace/INFS3202/php/controller/search.php on line 32
[27-May-2017 05:55:47 UTC] PHP Fatal error:  Cannot use [] for reading in /home/ubuntu/workspace/INFS3202/php/controller/search.php on line 32
[27-May-2017 05:55:48 UTC] PHP Fatal error:  Cannot use [] for reading in /home/ubuntu/workspace/INFS3202/php/controller/search.php on line 32
[27-May-2017 05:57:49 UTC] PHP Parse error:  syntax error, unexpected '}' in /home/ubuntu/workspace/INFS3202/php/controller/search.php on line 46
[27-May-2017 05:57:52 UTC] PHP Parse error:  syntax error, unexpected '}' in /home/ubuntu/workspace/INFS3202/php/controller/search.php on line 46
[27-May-2017 05:58:24 UTC] PHP Parse error:  syntax error, unexpected '*' in /home/ubuntu/workspace/INFS3202/php/controller/search.php on line 53
[27-May-2017 05:59:13 UTC] PHP Parse error:  syntax error, unexpected '}' in /home/ubuntu/workspace/INFS3202/php/controller/search.php on line 37
[27-May-2017 05:59:32 UTC] PHP Warning:  require_once(.../admin.php): failed to open stream: No such file or directory in /home/ubuntu/workspace/INFS3202/php/controller/search.php on line 2
[27-May-2017 05:59:32 UTC] PHP Stack trace:
[27-May-2017 05:59:32 UTC] PHP   1. {main}() /home/ubuntu/workspace/INFS3202/php/controller/search.php:0
[27-May-2017 05:59:32 UTC] PHP Fatal error:  require_once(): Failed opening required '.../admin.php' (include_path='.:/usr/share/php:/usr/share/pear') in /home/ubuntu/workspace/INFS3202/php/controller/search.php on line 2
[27-May-2017 05:59:32 UTC] PHP Stack trace:
[27-May-2017 05:59:32 UTC] PHP   1. {main}() /home/ubuntu/workspace/INFS3202/php/controller/search.php:0
[27-May-2017 06:04:23 UTC] PHP Warning:  mysqli_stmt_bind_param(): Number of variables doesn't match number of parameters in prepared statement in /home/ubuntu/workspace/INFS3202/php/admin.php on line 586
[27-May-2017 06:04:23 UTC] PHP Stack trace:
[27-May-2017 06:04:23 UTC] PHP   1. {main}() /home/ubuntu/workspace/INFS3202/php/controller/search.php:0
[27-May-2017 06:04:23 UTC] PHP   2. reminder->search_reminder() /home/ubuntu/workspace/INFS3202/php/controller/search.php:18
[27-May-2017 06:04:23 UTC] PHP   3. mysqli_stmt_bind_param() /home/ubuntu/workspace/INFS3202/php/admin.php:586
[27-May-2017 06:05:23 UTC] PHP Warning:  mysqli_stmt_bind_param(): Number of variables doesn't match number of parameters in prepared statement in /home/ubuntu/workspace/INFS3202/php/admin.php on line 586
[27-May-2017 06:05:23 UTC] PHP Stack trace:
[27-May-2017 06:05:23 UTC] PHP   1. {main}() /home/ubuntu/workspace/INFS3202/php/controller/search.php:0
[27-May-2017 06:05:23 UTC] PHP   2. reminder->search_reminder() /home/ubuntu/workspace/INFS3202/php/controller/search.php:18
[27-May-2017 06:05:23 UTC] PHP   3. mysqli_stmt_bind_param() /home/ubuntu/workspace/INFS3202/php/admin.php:586
[27-May-2017 06:08:28 UTC] PHP Warning:  mysqli_stmt_bind_param(): Number of variables doesn't match number of parameters in prepared statement in /home/ubuntu/workspace/INFS3202/php/admin.php on line 586
[27-May-2017 06:08:28 UTC] PHP Stack trace:
[27-May-2017 06:08:28 UTC] PHP   1. {main}() /home/ubuntu/workspace/INFS3202/php/controller/search.php:0
[27-May-2017 06:08:28 UTC] PHP   2. reminder->search_reminder() /home/ubuntu/workspace/INFS3202/php/controller/search.php:18
[27-May-2017 06:08:28 UTC] PHP   3. mysqli_stmt_bind_param() /home/ubuntu/workspace/INFS3202/php/admin.php:586
[27-May-2017 06:14:19 UTC] PHP Parse error:  syntax error, unexpected end of file in /home/ubuntu/workspace/INFS3202/php/controller/search.php on line 47
[27-May-2017 06:17:17 UTC] PHP Parse error:  syntax error, unexpected '[', expecting '(' in /home/ubuntu/workspace/INFS3202/php/controller/search.php on line 27
[27-May-2017 06:17:21 UTC] PHP Parse error:  syntax error, unexpected '[', expecting '(' in /home/ubuntu/workspace/INFS3202/php/controller/search.php on line 27
[27-May-2017 06:19:05 UTC] PHP Parse error:  syntax error, unexpected '=' in /home/ubuntu/workspace/INFS3202/php/controller/search.php on line 30
[27-May-2017 06:55:25 UTC] PHP Warning:  preg_grep(): No ending delimiter '~' found in /home/ubuntu/workspace/INFS3202/php/controller/search.php on line 59
[27-May-2017 06:55:25 UTC] PHP Stack trace:
[27-May-2017 06:55:25 UTC] PHP   1. {main}() /home/ubuntu/workspace/INFS3202/php/controller/search.php:0
[27-May-2017 06:55:25 UTC] PHP   2. preg_grep() /home/ubuntu/workspace/INFS3202/php/controller/search.php:59
[27-May-2017 07:07:18 UTC] PHP Warning:  preg_grep(): No ending delimiter '~' found in /home/ubuntu/workspace/INFS3202/php/controller/search.php on line 59
[27-May-2017 07:07:18 UTC] PHP Stack trace:
[27-May-2017 07:07:18 UTC] PHP   1. {main}() /home/ubuntu/workspace/INFS3202/php/controller/search.php:0
[27-May-2017 07:07:18 UTC] PHP   2. preg_grep() /home/ubuntu/workspace/INFS3202/php/controller/search.php:59
[27-May-2017 07:07:28 UTC] PHP Warning:  preg_grep(): No ending delimiter '~' found in /home/ubuntu/workspace/INFS3202/php/controller/search.php on line 59
[27-May-2017 07:07:28 UTC] PHP Stack trace:
[27-May-2017 07:07:28 UTC] PHP   1. {main}() /home/ubuntu/workspace/INFS3202/php/controller/search.php:0
[27-May-2017 07:07:28 UTC] PHP   2. preg_grep() /home/ubuntu/workspace/INFS3202/php/controller/search.php:59
[27-May-2017 07:27:19 UTC] PHP Parse error:  syntax error, unexpected 'array_push' (T_STRING) in /home/ubuntu/workspace/INFS3202/php/controller/show_reminder_course.php on line 45
[27-May-2017 07:27:43 UTC] PHP Parse error:  syntax error, unexpected 'array_push' (T_STRING) in /home/ubuntu/workspace/INFS3202/php/controller/show_reminder_course.php on line 45
[27-May-2017 07:47:28 UTC] PHP Parse error:  syntax error, unexpected ']', expecting identifier (T_STRING) or variable (T_VARIABLE) or number (T_NUM_STRING) in /home/ubuntu/workspace/INFS3202/php/controller/search.php on line 22
[27-May-2017 08:05:20 UTC] PHP Parse error:  syntax error, unexpected '<' in /home/ubuntu/workspace/INFS3202/php/controller/search.php on line 62
[27-May-2017 12:26:15 UTC] PHP Fatal error:  Only variables can be passed by reference in /home/ubuntu/workspace/INFS3202/php/admin.php on line 621
[27-May-2017 12:26:15 UTC] PHP Stack trace:
[27-May-2017 12:26:15 UTC] PHP   1. {main}() /home/ubuntu/workspace/INFS3202/php/controller/show_course.php:0
[27-May-2017 12:27:22 UTC] PHP Fatal error:  Only variables can be passed by reference in /home/ubuntu/workspace/INFS3202/php/admin.php on line 621
[27-May-2017 12:27:22 UTC] PHP Stack trace:
[27-May-2017 12:27:22 UTC] PHP   1. {main}() /home/ubuntu/workspace/INFS3202/php/controller/show_course.php:0
[27-May-2017 12:28:03 UTC] PHP Fatal error:  Only variables can be passed by reference in /home/ubuntu/workspace/INFS3202/php/admin.php on line 621
[27-May-2017 12:28:03 UTC] PHP Stack trace:
[27-May-2017 12:28:03 UTC] PHP   1. {main}() /home/ubuntu/workspace/INFS3202/php/controller/show_course.php:0
[28-May-2017 05:45:34 UTC] PHP Warning:  Missing argument 2 for get_rid(), called in /home/ubuntu/workspace/INFS3202/php/controller/create_reminder.php on line 26 and defined in /home/ubuntu/workspace/INFS3202/php/admin.php on line 296
[28-May-2017 05:45:34 UTC] PHP Stack trace:
[28-May-2017 05:45:34 UTC] PHP   1. {main}() /home/ubuntu/workspace/INFS3202/php/controller/create_reminder.php:0
[28-May-2017 05:45:34 UTC] PHP   2. get_rid() /home/ubuntu/workspace/INFS3202/php/controller/create_reminder.php:26
[28-May-2017 05:45:54 UTC] PHP Warning:  Missing argument 2 for get_rid(), called in /home/ubuntu/workspace/INFS3202/php/controller/create_reminder.php on line 26 and defined in /home/ubuntu/workspace/INFS3202/php/admin.php on line 296
[28-May-2017 05:45:54 UTC] PHP Stack trace:
[28-May-2017 05:45:54 UTC] PHP   1. {main}() /home/ubuntu/workspace/INFS3202/php/controller/create_reminder.php:0
[28-May-2017 05:45:54 UTC] PHP   2. get_rid() /home/ubuntu/workspace/INFS3202/php/controller/create_reminder.php:26
[28-May-2017 05:47:51 UTC] PHP Warning:  Missing argument 2 for get_rid(), called in /home/ubuntu/workspace/INFS3202/php/controller/create_reminder.php on line 26 and defined in /home/ubuntu/workspace/INFS3202/php/admin.php on line 296
[28-May-2017 05:47:51 UTC] PHP Stack trace:
[28-May-2017 05:47:51 UTC] PHP   1. {main}() /home/ubuntu/workspace/INFS3202/php/controller/create_reminder.php:0
[28-May-2017 05:47:51 UTC] PHP   2. get_rid() /home/ubuntu/workspace/INFS3202/php/controller/create_reminder.php:26
[28-May-2017 05:49:01 UTC] PHP Warning:  Missing argument 2 for get_rid(), called in /home/ubuntu/workspace/INFS3202/php/controller/create_reminder.php on line 26 and defined in /home/ubuntu/workspace/INFS3202/php/admin.php on line 296
[28-May-2017 05:49:01 UTC] PHP Stack trace:
[28-May-2017 05:49:01 UTC] PHP   1. {main}() /home/ubuntu/workspace/INFS3202/php/controller/create_reminder.php:0
[28-May-2017 05:49:01 UTC] PHP   2. get_rid() /home/ubuntu/workspace/INFS3202/php/controller/create_reminder.php:26
[28-May-2017 05:50:22 UTC] PHP Warning:  Missing argument 2 for get_rid(), called in /home/ubuntu/workspace/INFS3202/php/controller/create_reminder.php on line 26 and defined in /home/ubuntu/workspace/INFS3202/php/admin.php on line 296
[28-May-2017 05:50:22 UTC] PHP Stack trace:
[28-May-2017 05:50:22 UTC] PHP   1. {main}() /home/ubuntu/workspace/INFS3202/php/controller/create_reminder.php:0
[28-May-2017 05:50:22 UTC] PHP   2. get_rid() /home/ubuntu/workspace/INFS3202/php/controller/create_reminder.php:26
[28-May-2017 05:51:29 UTC] PHP Warning:  Missing argument 2 for get_rid(), called in /home/ubuntu/workspace/INFS3202/php/controller/create_reminder.php on line 26 and defined in /home/ubuntu/workspace/INFS3202/php/admin.php on line 296
[28-May-2017 05:51:29 UTC] PHP Stack trace:
[28-May-2017 05:51:29 UTC] PHP   1. {main}() /home/ubuntu/workspace/INFS3202/php/controller/create_reminder.php:0
[28-May-2017 05:51:29 UTC] PHP   2. get_rid() /home/ubuntu/workspace/INFS3202/php/controller/create_reminder.php:26
[28-May-2017 05:53:07 UTC] PHP Warning:  Missing argument 2 for get_rid(), called in /home/ubuntu/workspace/INFS3202/php/controller/create_reminder.php on line 26 and defined in /home/ubuntu/workspace/INFS3202/php/admin.php on line 296
[28-May-2017 05:53:07 UTC] PHP Stack trace:
[28-May-2017 05:53:07 UTC] PHP   1. {main}() /home/ubuntu/workspace/INFS3202/php/controller/create_reminder.php:0
[28-May-2017 05:53:07 UTC] PHP   2. get_rid() /home/ubuntu/workspace/INFS3202/php/controller/create_reminder.php:26
[28-May-2017 05:53:45 UTC] PHP Warning:  Missing argument 2 for get_rid(), called in /home/ubuntu/workspace/INFS3202/php/controller/create_reminder.php on line 26 and defined in /home/ubuntu/workspace/INFS3202/php/admin.php on line 296
[28-May-2017 05:53:45 UTC] PHP Stack trace:
[28-May-2017 05:53:45 UTC] PHP   1. {main}() /home/ubuntu/workspace/INFS3202/php/controller/create_reminder.php:0
[28-May-2017 05:53:45 UTC] PHP   2. get_rid() /home/ubuntu/workspace/INFS3202/php/controller/create_reminder.php:26
[28-May-2017 05:55:14 UTC] PHP Warning:  Missing argument 2 for get_rid(), called in /home/ubuntu/workspace/INFS3202/php/controller/create_reminder.php on line 26 and defined in /home/ubuntu/workspace/INFS3202/php/admin.php on line 296
[28-May-2017 05:55:14 UTC] PHP Stack trace:
[28-May-2017 05:55:14 UTC] PHP   1. {main}() /home/ubuntu/workspace/INFS3202/php/controller/create_reminder.php:0
[28-May-2017 05:55:14 UTC] PHP   2. get_rid() /home/ubuntu/workspace/INFS3202/php/controller/create_reminder.php:26
[28-May-2017 05:55:42 UTC] PHP Warning:  Missing argument 2 for get_rid(), called in /home/ubuntu/workspace/INFS3202/php/controller/create_reminder.php on line 26 and defined in /home/ubuntu/workspace/INFS3202/php/admin.php on line 296
[28-May-2017 05:55:42 UTC] PHP Stack trace:
[28-May-2017 05:55:42 UTC] PHP   1. {main}() /home/ubuntu/workspace/INFS3202/php/controller/create_reminder.php:0
[28-May-2017 05:55:42 UTC] PHP   2. get_rid() /home/ubuntu/workspace/INFS3202/php/controller/create_reminder.php:26
[28-May-2017 17:46:59 UTC] PHP Catchable fatal error:  Object of class mysqli could not be converted to string in /home/ubuntu/workspace/INFS3202/php/admin.php on line 501
[28-May-2017 17:46:59 UTC] PHP Stack trace:
[28-May-2017 17:46:59 UTC] PHP   1. {main}() /home/ubuntu/workspace/INFS3202/php/controller/delete_reminder.php:0
[28-May-2017 17:46:59 UTC] PHP   2. reminder->delete_reminder() /home/ubuntu/workspace/INFS3202/php/controller/delete_reminder.php:12
